[    0.000000] Linux version 4.15.0-212-generic (buildd@lcy02-amd64-083) (gcc version 7.5.0 (Ubuntu 7.5.0-3ubuntu1~18.04)) #223-Ubuntu SMP Tue May 23 13:09:22 UTC 2023 (Ubuntu 4.15.0-212.223-generic 4.15.18)
[    0.000000] Command line: BOOT_IMAGE=/boot/vmlinuz-4.15.0-212-generic root=LABEL=cloudimg-rootfs ro console=tty1 console=ttyS0
[    0.000000] KERNEL supported cpus:
[    0.000000]   Intel GenuineIntel
[    0.000000]   AMD AuthenticAMD
[    0.000000]   Centaur CentaurHauls
[    0.000000] x86/fpu: Supporting XSAVE feature 0x001: 'x87 floating point registers'
[    0.000000] x86/fpu: Supporting XSAVE feature 0x002: 'SSE registers'
[    0.000000] x86/fpu: Supporting XSAVE feature 0x004: 'AVX registers'
[    0.000000] x86/fpu: xstate_offset[2]:  576, xstate_sizes[2]:  256
[    0.000000] x86/fpu: Enabled xstate features 0x7, context size is 832 bytes, using 'standard' format.
[    0.000000] e820: BIOS-provided physical RAM map:
[    0.000000] BIOS-e820: [mem 0x0000000000000000-0x000000000009fbff] usable
[    0.000000] BIOS-e820: [mem 0x000000000009fc00-0x000000000009ffff] reserved
[    0.000000] BIOS-e820: [mem 0x00000000000f0000-0x00000000000fffff] reserved
[    0.000000] BIOS-e820: [mem 0x0000000000100000-0x000000003ffeffff] usable
[    0.000000] BIOS-e820: [mem 0x000000003fff0000-0x000000003fffffff] ACPI data
[    0.000000] BIOS-e820: [mem 0x00000000fec00000-0x00000000fec00fff] reserved
[    0.000000] BIOS-e820: [mem 0x00000000fee00000-0x00000000fee00fff] reserved
[    0.000000] BIOS-e820: [mem 0x00000000fffc0000-0x00000000ffffffff] reserved
[    0.000000] NX (Execute Disable) protection: active
[    0.000000] SMBIOS 2.5 present.
[    0.000000] DMI: innotek GmbH VirtualBox/VirtualBox, BIOS VirtualBox 12/01/2006
[    0.000000] Hypervisor detected: KVM
[    0.000000] e820: last_pfn = 0x3fff0 max_arch_pfn = 0x400000000
[    0.000000] MTRR: Disabled
[    0.000000] x86/PAT: MTRRs disabled, skipping PAT initialization too.
[    0.000000] CPU MTRRs all blank - virtualized system.
[    0.000000] x86/PAT: Configuration [0-7]: WB  WT  UC- UC  WB  WT  UC- UC  
[    0.000000] found SMP MP-table at [mem 0x0009fff0-0x0009ffff]
[    0.000000] Scanning 1 areas for low memory corruption
[    0.000000] RAMDISK: [mem 0x359cb000-0x36cdcfff]
[    0.000000] ACPI: Early table checksum verification disabled
[    0.000000] ACPI: RSDP 0x00000000000E0000 000024 (v02 VBOX  )
[    0.000000] ACPI: XSDT 0x000000003FFF0030 00003C (v01 VBOX   VBOXXSDT 00000001 ASL  00000061)
[    0.000000] ACPI: FACP 0x000000003FFF00F0 0000F4 (v04 VBOX   VBOXFACP 00000001 ASL  00000061)
[    0.000000] ACPI: DSDT 0x000000003FFF0610 002353 (v02 VBOX   VBOXBIOS 00000002 INTL 20100528)
[    0.000000] ACPI: FACS 0x000000003FFF0200 000040
[    0.000000] ACPI: FACS 0x000000003FFF0200 000040
[    0.000000] ACPI: APIC 0x000000003FFF0240 00005C (v02 VBOX   VBOXAPIC 00000001 ASL  00000061)
[    0.000000] ACPI: SSDT 0x000000003FFF02A0 00036C (v01 VBOX   VBOXCPUT 00000002 INTL 20100528)
[    0.000000] ACPI: Reserving FACP table memory at [mem 0x3fff00f0-0x3fff01e3]
[    0.000000] ACPI: Reserving DSDT table memory at [mem 0x3fff0610-0x3fff2962]
[    0.000000] ACPI: Reserving FACS table memory at [mem 0x3fff0200-0x3fff023f]
[    0.000000] ACPI: Reserving FACS table memory at [mem 0x3fff0200-0x3fff023f]
[    0.000000] ACPI: Reserving APIC table memory at [mem 0x3fff0240-0x3fff029b]
[    0.000000] ACPI: Reserving SSDT table memory at [mem 0x3fff02a0-0x3fff060b]
[    0.000000] No NUMA configuration found
[    0.000000] Faking a node at [mem 0x0000000000000000-0x000000003ffeffff]
[    0.000000] NODE_DATA(0) allocated [mem 0x3ffc5000-0x3ffeffff]
[    0.000000] kvm-clock: cpu 0, msr 0:3ff44001, primary cpu clock
[    0.000000] kvm-clock: Using msrs 4b564d01 and 4b564d00
[    0.000000] kvm-clock: using sched offset of 3771123752 cycles
[    0.000000] clocksource: kvm-clock: mask: 0xffffffffffffffff max_cycles: 0x1cd42e4dffb, max_idle_ns: 881590591483 ns
[    0.000000] Zone ranges:
[    0.000000]   DMA      [mem 0x0000000000001000-0x0000000000ffffff]
[    0.000000]   DMA32    [mem 0x0000000001000000-0x000000003ffeffff]
[    0.000000]   Normal   empty
[    0.000000]   Device   empty
[    0.000000] Movable zone start for each node
[    0.000000] Early memory node ranges
[    0.000000]   node   0: [mem 0x0000000000001000-0x000000000009efff]
[    0.000000]   node   0: [mem 0x0000000000100000-0x000000003ffeffff]
[    0.000000] Reserved but unavailable: 104 pages
[    0.000000] Initmem setup node 0 [mem 0x0000000000001000-0x000000003ffeffff]
[    0.000000] ACPI: PM-Timer IO Port: 0x4008
[    0.000000] IOAPIC[0]: apic_id 2, version 32, address 0xfec00000, GSI 0-23
[    0.000000] ACPI: INT_SRC_OVR (bus 0 bus_irq 0 global_irq 2 dfl dfl)
[    0.000000] ACPI: INT_SRC_OVR (bus 0 bus_irq 9 global_irq 9 low level)
[    0.000000] Using ACPI (MADT) for SMP configuration information
[    0.000000] smpboot: Allowing 2 CPUs, 0 hotplug CPUs
[    0.000000] PM: Registered nosave memory: [mem 0x00000000-0x00000fff]
[    0.000000] PM: Registered nosave memory: [mem 0x0009f000-0x0009ffff]
[    0.000000] PM: Registered nosave memory: [mem 0x000a0000-0x000effff]
[    0.000000] PM: Registered nosave memory: [mem 0x000f0000-0x000fffff]
[    0.000000] e820: [mem 0x40000000-0xfebfffff] available for PCI devices
[    0.000000] Booting paravirtualized kernel on KVM
[    0.000000] clocksource: refined-jiffies: mask: 0xffffffff max_cycles: 0xffffffff, max_idle_ns: 7645519600211568 ns
[    0.000000] setup_percpu: NR_CPUS:8192 nr_cpumask_bits:2 nr_cpu_ids:2 nr_node_ids:1
[    0.000000] percpu: Embedded 50 pages/cpu s167936 r8192 d28672 u1048576
[    0.000000] PV qspinlock hash table entries: 256 (order: 0, 4096 bytes)
[    0.000000] Built 1 zonelists, mobility grouping on.  Total pages: 257913
[    0.000000] Policy zone: DMA32
[    0.000000] Kernel command line: BOOT_IMAGE=/boot/vmlinuz-4.15.0-212-generic root=LABEL=cloudimg-rootfs ro console=tty1 console=ttyS0
[    0.000000] Memory: 982644K/1048120K available (12300K kernel code, 2477K rwdata, 4324K rodata, 2480K init, 2720K bss, 65476K reserved, 0K cma-reserved)
[    0.000000] SLUB: HWalign=64, Order=0-3, MinObjects=0, CPUs=2, Nodes=1
[    0.000000] Kernel/User page tables isolation: enabled
[    0.000000] ftrace: allocating 39508 entries in 155 pages
[    0.004000] Hierarchical RCU implementation.
[    0.004000] 	RCU restricting CPUs from NR_CPUS=8192 to nr_cpu_ids=2.
[    0.004000] 	Tasks RCU enabled.
[    0.004000] RCU: Adjusting geometry for rcu_fanout_leaf=16, nr_cpu_ids=2
[    0.004000] NR_IRQS: 524544, nr_irqs: 440, preallocated irqs: 16
[    0.004000] random: crng init done
[    0.004000] Console: colour VGA+ 80x25
[    0.004000] console [tty1] enabled
[    0.004000] console [ttyS0] enabled
[    0.004000] ACPI: Core revision 20170831
[    0.004000] ACPI: 2 ACPI AML tables successfully acquired and loaded
[    0.004000] APIC: Switch to symmetric I/O mode setup
[    0.004000] x2apic enabled
[    0.004000] Switched APIC routing to physical x2apic.
[    0.006368] ..TIMER: vector=0x30 apic1=0 pin1=2 apic2=-1 pin2=-1
[    0.008012] tsc: Detected 2496.006 MHz processor
[    0.010229] Calibrating delay loop (skipped) preset value.. 4992.01 BogoMIPS (lpj=9984024)
[    0.012031] pid_max: default: 32768 minimum: 301
[    0.016115] Security Framework initialized
[    0.017755] Yama: becoming mindful.
[    0.020048] AppArmor: AppArmor initialized
[    0.024081] Dentry cache hash table entries: 131072 (order: 8, 1048576 bytes)
[    0.028147] Inode-cache hash table entries: 65536 (order: 7, 524288 bytes)
[    0.032041] Mount-cache hash table entries: 2048 (order: 2, 16384 bytes)
[    0.034770] Mountpoint-cache hash table entries: 2048 (order: 2, 16384 bytes)
[    0.036368] Last level iTLB entries: 4KB 64, 2MB 8, 4MB 8
[    0.040010] Last level dTLB entries: 4KB 64, 2MB 0, 4MB 0, 1GB 4
[    0.042381] Spectre V1 : Mitigation: usercopy/swapgs barriers and __user pointer sanitization
[    0.044007] Spectre V2 : Mitigation: Retpolines
[    0.048004] Spectre V2 : Spectre v2 / SpectreRSB mitigation: Filling RSB on context switch
[    0.050488] Spectre V2 : Spectre v2 / SpectreRSB : Filling RSB on VMEXIT
[    0.052005] RETBleed: WARNING: Spectre v2 mitigation leaves CPU vulnerable to RETBleed attacks, data leaks possible!
[    0.056007] RETBleed: Vulnerable
[    0.056984] Speculative Store Bypass: Vulnerable
[    0.058409] MDS: Mitigation: Clear CPU buffers
[    0.059790] MMIO Stale Data: Mitigation: Clear CPU buffers
[    0.060006] SRBDS: Unknown: Dependent on hypervisor status
[    0.062253] Freeing SMP alternatives memory: 36K
[    0.176957] smpboot: CPU0: Intel(R) Core(TM) i5-6300U CPU @ 2.40GHz (family: 0x6, model: 0x4e, stepping: 0x3)
[    0.180161] Performance Events: unsupported p6 CPU model 78 no PMU driver, software events only.
[    0.183429] Hierarchical SRCU implementation.
[    0.184711] NMI watchdog: Perf event create on CPU 0 failed with -2
[    0.188004] NMI watchdog: Perf NMI watchdog permanently disabled
[    0.190487] smp: Bringing up secondary CPUs ...
[    0.192121] x86: Booting SMP configuration:
[    0.193888] .... node  #0, CPUs:      #1
[    0.004000] kvm-clock: cpu 1, msr 0:3ff44041, secondary cpu clock
[    0.208008] smp: Brought up 1 node, 2 CPUs
[    0.212009] smpboot: Max logical packages: 1
[    0.213840] smpboot: Total of 2 processors activated (9984.02 BogoMIPS)
[    0.216263] devtmpfs: initialized
[    0.217524] x86/mm: Memory block size: 128MB
[    0.220305] evm: security.selinux
[    0.224007] evm: security.SMACK64
[    0.225387] evm: security.SMACK64EXEC
[    0.226828] evm: security.SMACK64TRANSMUTE
[    0.228007] evm: security.SMACK64MMAP
[    0.229631] evm: security.apparmor
[    0.232009] evm: security.ima
[    0.233247] evm: security.capability
[    0.236021] clocksource: jiffies: mask: 0xffffffff max_cycles: 0xffffffff, max_idle_ns: 7645041785100000 ns
[    0.239649] futex hash table entries: 512 (order: 3, 32768 bytes)
[    0.240151] pinctrl core: initialized pinctrl subsystem
[    0.244228] RTC time: 14:36:02, date: 11/28/24
[    0.248269] NET: Registered protocol family 16
[    0.252166] audit: initializing netlink subsys (disabled)
[    0.254539] audit: type=2000 audit(1732804567.056:1): state=initialized audit_enabled=0 res=1
[    0.256014] cpuidle: using governor ladder
[    0.260023] cpuidle: using governor menu
[    0.261664] ACPI: bus type PCI registered
[    0.264006] acpiphp: ACPI Hot Plug PCI Controller Driver version: 0.5
[    0.266533] PCI: Using configuration type 1 for base access
[    0.270125] HugeTLB registered 2.00 MiB page size, pre-allocated 0 pages
[    0.272124] ACPI: Added _OSI(Module Device)
[    0.276006] ACPI: Added _OSI(Processor Device)
[    0.277792] ACPI: Added _OSI(3.0 _SCP Extensions)
[    0.280025] ACPI: Added _OSI(Processor Aggregator Device)
[    0.282482] ACPI: Added _OSI(Linux-Dell-Video)
[    0.284009] ACPI: Added _OSI(Linux-Lenovo-NV-HDMI-Audio)
[    0.285982] ACPI: Added _OSI(Linux-HPI-Hybrid-Graphics)
[    0.288616] ACPI: Executed 1 blocks of module-level executable AML code
[    0.300544] ACPI: Interpreter enabled
[    0.302084] ACPI: (supports S0 S5)
[    0.304007] ACPI: Using IOAPIC for interrupt routing
[    0.306970] PCI: Using host bridge windows from ACPI; if necessary, use "pci=nocrs" and report a bug
[    0.308377] ACPI: Enabled 2 GPEs in block 00 to 07
[    0.328583] ACPI: PCI Root Bridge [PCI0] (domain 0000 [bus 00-ff])
[    0.330927] acpi PNP0A03:00: _OSC: OS supports [ASPM ClockPM Segments MSI]
[    0.333249] acpi PNP0A03:00: _OSC: not requesting OS control; OS requires [ExtendedConfig ASPM ClockPM MSI]
[    0.336041] acpi PNP0A03:00: fail to add MMCONFIG information, can't access extended PCI configuration space under this bridge.
[    0.340943] PCI host bridge to bus 0000:00
[    0.344017] pci_bus 0000:00: root bus resource [io  0x0000-0x0cf7 window]
[    0.348009] pci_bus 0000:00: root bus resource [io  0x0d00-0xffff window]
[    0.352008] pci_bus 0000:00: root bus resource [mem 0x000a0000-0x000bffff window]
[    0.356015] pci_bus 0000:00: root bus resource [mem 0x40000000-0xfdffffff window]
[    0.359121] pci_bus 0000:00: root bus resource [bus 00-ff]
[    0.364927] pci 0000:00:01.1: legacy IDE quirk: reg 0x10: [io  0x01f0-0x01f7]
[    0.367810] pci 0000:00:01.1: legacy IDE quirk: reg 0x14: [io  0x03f6]
[    0.368006] pci 0000:00:01.1: legacy IDE quirk: reg 0x18: [io  0x0170-0x0177]
[    0.372006] pci 0000:00:01.1: legacy IDE quirk: reg 0x1c: [io  0x0376]
[    0.397024] pci 0000:00:07.0: quirk: [io  0x4000-0x403f] claimed by PIIX4 ACPI
[    0.400000] pci 0000:00:07.0: quirk: [io  0x4100-0x410f] claimed by PIIX4 SMB
[    0.416828] ACPI: PCI Interrupt Link [LNKA] (IRQs 5 9 10 *11)
[    0.420121] ACPI: PCI Interrupt Link [LNKB] (IRQs 5 9 *10 11)
[    0.422575] ACPI: PCI Interrupt Link [LNKC] (IRQs 5 *9 10 11)
[    0.424217] ACPI: PCI Interrupt Link [LNKD] (IRQs 5 9 10 *11)
[    0.427190] SCSI subsystem initialized
[    0.428086] pci 0000:00:02.0: vgaarb: setting as boot VGA device
[    0.430651] pci 0000:00:02.0: vgaarb: VGA device added: decodes=io+mem,owns=io+mem,locks=none
[    0.432011] pci 0000:00:02.0: vgaarb: bridge control possible
[    0.436005] vgaarb: loaded
[    0.437263] ACPI: bus type USB registered
[    0.440071] usbcore: registered new interface driver usbfs
[    0.441888] usbcore: registered new interface driver hub
[    0.444032] usbcore: registered new device driver usb
[    0.445651] EDAC MC: Ver: 3.0.0
[    0.448163] PCI: Using ACPI for IRQ routing
[    0.450307] NetLabel: Initializing
[    0.451577] NetLabel:  domain hash size = 128
[    0.452010] NetLabel:  protocols = UNLABELED CIPSOv4 CALIPSO
[    0.454829] NetLabel:  unlabeled traffic allowed by default
[    0.456133] clocksource: Switched to clocksource kvm-clock
[    0.479495] VFS: Disk quotas dquot_6.6.0
[    0.481046] VFS: Dquot-cache hash table entries: 512 (order 0, 4096 bytes)
[    0.482950] AppArmor: AppArmor Filesystem Enabled
[    0.484241] pnp: PnP ACPI init
[    0.486745] pnp: PnP ACPI: found 3 devices
[    0.498585] clocksource: acpi_pm: mask: 0xffffff max_cycles: 0xffffff, max_idle_ns: 2085701024 ns
[    0.501567] NET: Registered protocol family 2
[    0.503246] IP idents hash table entries: 16384 (order: 5, 131072 bytes)
[    0.509807] TCP established hash table entries: 8192 (order: 4, 65536 bytes)
[    0.511824] TCP bind hash table entries: 8192 (order: 5, 131072 bytes)
[    0.513466] TCP: Hash tables configured (established 8192 bind 8192)
[    0.515088] UDP hash table entries: 512 (order: 2, 16384 bytes)
[    0.516564] UDP-Lite hash table entries: 512 (order: 2, 16384 bytes)
[    0.518272] NET: Registered protocol family 1
[    0.519346] pci 0000:00:00.0: Limiting direct PCI/PCI transfers
[    0.520757] pci 0000:00:01.0: Activating ISA DMA hang workarounds
[    0.522296] pci 0000:00:02.0: Video device with shadowed ROM at [mem 0x000c0000-0x000dffff]
[    0.525053] Unpacking initramfs...
[    1.083923] Freeing initrd memory: 19528K
[    1.085288] clocksource: tsc: mask: 0xffffffffffffffff max_cycles: 0x23fa7cdd331, max_idle_ns: 440795301699 ns
[    1.087839] platform rtc_cmos: registered platform RTC device (no PNP device found)
[    1.089961] Scanning for low memory corruption every 60 seconds
[    1.092393] Initialise system trusted keyrings
[    1.094541] Key type blacklist registered
[    1.095883] workingset: timestamp_bits=36 max_order=18 bucket_order=0
[    1.099044] zbud: loaded
[    1.100480] squashfs: version 4.0 (2009/01/31) Phillip Lougher
[    1.102268] fuse init (API version 7.26)
[    1.106271] Key type asymmetric registered
[    1.107459] Asymmetric key parser 'x509' registered
[    1.108925] Block layer SCSI generic (bsg) driver version 0.4 loaded (major 246)
[    1.110935] io scheduler noop registered
[    1.112044] io scheduler deadline registered
[    1.113305] io scheduler cfq registered (default)
[    1.114788] ACPI: AC Adapter [AC] (on-line)
[    1.115879] input: Power Button as /devices/LNXSYSTM:00/LNXPWRBN:00/input/input0
[    1.117793] ACPI: Power Button [PWRF]
[    1.118785] input: Sleep Button as /devices/LNXSYSTM:00/LNXSLPBN:00/input/input1
[    1.120702] ACPI: Sleep Button [SLPF]
[    1.122995] ACPI: Battery Slot [BAT0] (battery present)
[    1.124286] Serial: 8250/16550 driver, 32 ports, IRQ sharing enabled
[    1.146748] 00:02: ttyS0 at I/O 0x3f8 (irq = 4, base_baud = 115200) is a 16550A
[    1.150202] Linux agpgart interface v0.103
[    1.155909] loop: module loaded
[    1.157499] scsi host0: ata_piix
[    1.158538] scsi host1: ata_piix
[    1.159380] ata1: PATA max UDMA/33 cmd 0x1f0 ctl 0x3f6 bmdma 0xd000 irq 14
[    1.161053] ata2: PATA max UDMA/33 cmd 0x170 ctl 0x376 bmdma 0xd008 irq 15
[    1.163125] tun: Universal TUN/TAP device driver, 1.6
[    1.164714] PPP generic driver version 2.4.2
[    1.165947] ehci_hcd: USB 2.0 'Enhanced' Host Controller (EHCI) Driver
[    1.167687] ehci-pci: EHCI PCI platform driver
[    1.168977] ehci-platform: EHCI generic platform driver
[    1.170313] ohci_hcd: USB 1.1 'Open' Host Controller (OHCI) Driver
[    1.171901] ohci-pci: OHCI PCI platform driver
[    1.173145] ohci-platform: OHCI generic platform driver
[    1.174480] uhci_hcd: USB Universal Host Controller Interface driver
[    1.176220] i8042: PNP: PS/2 Controller [PNP0303:PS2K,PNP0f03:PS2M] at 0x60,0x64 irq 1,12
[    1.179242] serio: i8042 KBD port at 0x60,0x64 irq 1
[    1.180680] serio: i8042 AUX port at 0x60,0x64 irq 12
[    1.182089] mousedev: PS/2 mouse device common for all mice
[    1.183892] input: AT Translated Set 2 keyboard as /devices/platform/i8042/serio0/input/input2
[    1.186823] rtc_cmos rtc_cmos: rtc core: registered rtc_cmos as rtc0
[    1.188387] rtc_cmos rtc_cmos: alarms up to one day, 114 bytes nvram
[    1.189875] i2c /dev entries driver
[    1.190803] device-mapper: uevent: version 1.0.3
[    1.192151] device-mapper: ioctl: 4.37.0-ioctl (2017-09-20) initialised: dm-devel@redhat.com
[    1.194709] ledtrig-cpu: registered to indicate activity on CPUs
[    1.196832] NET: Registered protocol family 10
[    1.203749] Segment Routing with IPv6
[    1.205162] NET: Registered protocol family 17
[    1.206887] Key type dns_resolver registered
[    1.208306] mce: Using 0 MCE banks
[    1.209245] RAS: Correctable Errors collector initialized.
[    1.211641] sched_clock: Marking stable (1208277548, 0)->(1658646977, -450369429)
[    1.214775] registered taskstats version 1
[    1.215837] Loading compiled-in X.509 certificates
[    1.219681] Loaded X.509 cert 'Build time autogenerated kernel key: b5b26778eaa3ab3a4a6cee031137706e947d12ad'
[    1.222940] Loaded X.509 cert 'Canonical Ltd. Live Patch Signing: 14df34d1a87cf37625abec039ef2bf521249b969'
[    1.225990] Loaded X.509 cert 'Canonical Ltd. Kernel Module Signing: 88f752e560a1e0737e31163a466ad7b70a850c19'
[    1.229057] blacklist: Loading compiled-in revocation X.509 certificates
[    1.230620] Loaded X.509 cert 'Canonical Ltd. Secure Boot Signing: 61482aa2830d0ab2ad5af10b7250da9033ddcef0'
[    1.233045] Loaded X.509 cert 'Canonical Ltd. Secure Boot Signing (2017): 242ade75ac4a15e50d50c84b0d45ff3eae707a03'
[    1.236196] Loaded X.509 cert 'Canonical Ltd. Secure Boot Signing (ESM 2018): 365188c1d374d6b07c3c8f240f8ef722433d6a8b'
[    1.239012] Loaded X.509 cert 'Canonical Ltd. Secure Boot Signing (2019): c0746fd6c5da3ae827864651ad66ae47fe24b3e8'
[    1.241658] Loaded X.509 cert 'Canonical Ltd. Secure Boot Signing (2021 v1): a8d54bbb3825cfb94fa13c9f8a594a195c107b8d'
[    1.244283] Loaded X.509 cert 'Canonical Ltd. Secure Boot Signing (2021 v2): 4cf046892d6fd3c9a5b03f98d845f90851dc6a8c'
[    1.246880] Loaded X.509 cert 'Canonical Ltd. Secure Boot Signing (2021 v3): 100437bb6de6e469b581e61cd66bce3ef4ed53af'
[    1.249505] Loaded X.509 cert 'Canonical Ltd. Secure Boot Signing (Ubuntu Core 2019): c1d57b8f6b743f23ee41f4f7ee292f06eecadfb9'
[    1.252296] zswap: loaded using pool lzo/zbud
[    1.257380] Key type big_key registered
[    1.258344] Key type trusted registered
[    1.261139] Key type encrypted registered
[    1.262170] AppArmor: AppArmor sha1 policy hashing enabled
[    1.263485] ima: No TPM chip found, activating TPM-bypass! (rc=-19)
[    1.265082] ima: Allocated hash algorithm: sha1
[    1.266191] evm: HMAC attrs: 0x1
[    1.267424]   Magic number: 0:203:638
[    1.268595] rtc_cmos rtc_cmos: setting system clock to 2024-11-28 14:36:03 UTC (1732804563)
[    1.270894] BIOS EDD facility v0.16 2004-Jun-25, 0 devices found
[    1.272477] EDD information not available.
[    1.597834] Freeing unused kernel image memory: 2480K
[    1.604737] Write protecting the kernel read-only data: 20480k
[    1.609062] Freeing unused kernel image memory: 2008K
[    1.612193] Freeing unused kernel image memory: 1820K
[    1.629414] x86/mm: Checked W+X mappings: passed, no W+X pages found.
[    1.631845] x86/mm: Checking user space page tables
[    1.644045] x86/mm: Checked W+X mappings: passed, no W+X pages found.
Loading, please wait...
starting version 237
[    1.813408] Fusion MPT base driver 3.04.20
[    1.814676] Copyright (c) 1999-2008 LSI Corporation
[    1.848658] e1000: Intel(R) PRO/1000 Network Driver - version 7.3.21-k8-NAPI
[    1.852635] e1000: Copyright (c) 1999-2006 Intel Corporation.
[    1.856965] Fusion MPT SPI Host driver 3.04.20
[    1.871048] AVX2 version of gcm_enc/dec engaged.
[    1.876950] mptbase: ioc0: Initiating bringup
[    1.895962] AES CTR mode by8 optimization enabled
[    2.042459] input: ImExPS/2 Generic Explorer Mouse as /devices/platform/i8042/serio1/input/input4
[    2.120652] ioc0: LSI53C1030 A0: Capabilities={Initiator}
[    4.687640] scsi host2: ioc0: LSI53C1030 A0, FwRev=00000000h, Ports=1, MaxQ=256, IRQ=20
[    6.895306] scsi 2:0:0:0: Direct-Access     VBOX     HARDDISK         1.0  PQ: 0 ANSI: 5
[    6.934622] scsi target2:0:0: Beginning Domain Validation
[    6.998437] scsi target2:0:0: Domain Validation skipping write tests
[    7.000043] scsi target2:0:0: Ending Domain Validation
[    7.006942] scsi target2:0:0: asynchronous
[    7.012617] scsi 2:0:1:0: Direct-Access     VBOX     HARDDISK         1.0  PQ: 0 ANSI: 5
[    7.358189] scsi target2:0:1: Beginning Domain Validation
[    7.362009] scsi target2:0:1: Domain Validation skipping write tests
[    7.364694] scsi target2:0:1: Ending Domain Validation
[    7.366496] scsi target2:0:1: asynchronous
[    7.374964] sd 2:0:0:0: [sda] 83886080 512-byte logical blocks: (42.9 GB/40.0 GiB)
[    7.378459] sd 2:0:0:0: [sda] Write Protect is off
[    7.380981] sd 2:0:0:0: Attached scsi generic sg0 type 0
[    7.382751] sd 2:0:0:0: [sda] Incomplete mode parameter data
[    7.384366] sd 2:0:0:0: [sda] Assuming drive cache: write through
[    7.389278] sd 2:0:1:0: [sdb] 20480 512-byte logical blocks: (10.5 MB/10.0 MiB)
[    7.391165] e1000 0000:00:03.0 eth0: (PCI:33MHz:32-bit) 02:3b:7b:b7:3b:2d
[    7.392863] sd 2:0:1:0: [sdb] Write Protect is off
[    7.395196] e1000 0000:00:03.0 eth0: Intel(R) PRO/1000 Network Connection
[    7.400521] sd 2:0:1:0: Attached scsi generic sg1 type 0
[    7.402925] sd 2:0:1:0: [sdb] Incomplete mode parameter data
[    7.405163] sd 2:0:1:0: [sdb] Assuming drive cache: write through
[    7.406837]  sda: sda1
[    7.410876] sd 2:0:0:0: [sda] Attached SCSI disk
[    7.414339] sd 2:0:1:0: [sdb] Attached SCSI disk
[    8.124187] e1000 0000:00:08.0 eth1: (PCI:33MHz:32-bit) 08:00:27:70:c2:74
[    8.127019] e1000 0000:00:08.0 eth1: Intel(R) PRO/1000 Network Connection
[    8.131027] e1000 0000:00:03.0 enp0s3: renamed from eth0
[    8.150131] e1000 0000:00:08.0 enp0s8: renamed from eth1
Begin: Loading essential drivers ... [   10.216594] raid6: sse2x1   gen()  4629 MB/s
[   10.264375] raid6: sse2x1   xor()  2136 MB/s
[   10.312290] raid6: sse2x2   gen()  3412 MB/s
[   10.360076] raid6: sse2x2   xor()  3549 MB/s
[   10.408829] raid6: sse2x4   gen()  6169 MB/s
[   10.456188] raid6: sse2x4   xor()  6579 MB/s
[   10.536087] raid6: avx2x1   gen()  6927 MB/s
[   10.648774] raid6: avx2x1   xor()  3108 MB/s
[   10.696321] raid6: avx2x2   gen()  5794 MB/s
[   10.753024] raid6: avx2x2   xor()  3607 MB/s
[   10.804138] raid6: avx2x4   gen()  8635 MB/s
[   10.852064] raid6: avx2x4   xor()  2859 MB/s
[   10.853868] raid6: using algorithm avx2x4 gen() 8635 MB/s
[   10.855879] raid6: .... xor() 2859 MB/s, rmw enabled
[   10.857816] raid6: using avx2x2 recovery algorithm
[   10.862026] xor: automatically using best checksumming function   avx       
[   10.886288] async_tx: api initialized (async)
done.
Begin: Running /scripts/init-premount ... done.
Begin: Mounting root file system ... Begin: Running /scripts/local-top ... done.
Begin: Running /scripts/local-premount ... [   10.994867] Btrfs loaded, crc32c=crc32c-intel
Scanning for Btrfs filesystems
done.
Warning: fsck not present, so skipping root file system
[   11.047884] EXT4-fs (sda1): mounted filesystem with ordered data mode. Opts: (null)
done.
Begin: Running /scripts/local-bottom ... done.
Begin: Running /scripts/init-bottom ... done.
[   11.305462] ip_tables: (C) 2000-2006 Netfilter Core Team
[   11.319604] systemd[1]: systemd 237 running in system mode. (+PAM +AUDIT +SELINUX +IMA +APPARMOR +SMACK +SYSVINIT +UTMP +LIBCRYPTSETUP +GCRYPT +GNUTLS +ACL +XZ +LZ4 +SECCOMP +BLKID +ELFUTILS +KMOD -IDN2 +IDN -PCRE2 default-hierarchy=hybrid)
[   11.326192] systemd[1]: Detected virtualization oracle.
[   11.328270] systemd[1]: Detected architecture x86-64.

Welcome to [1mUbuntu 18.04.6 LTS[0m!

[   11.337651] systemd[1]: Set hostname to <ubuntu>.
[   11.342735] systemd[1]: Initializing machine ID from random generator.
[   11.344663] systemd[1]: Installed transient /etc/machine-id file.
[   11.735757] systemd[1]: Created slice User and Session Slice.
[[0;32m  OK  [0m] Created slice User and Session Slice.
[   11.738768] systemd[1]: Started Forward Password Requests to Wall Directory Watch.
[[0;32m  OK  [0m] Started Forward Password Requests to Wall Directory Watch.
[   11.743666] systemd[1]: Created slice System Slice.
[[0;32m  OK  [0m] Created slice System Slice.
[   11.746329] systemd[1]: Listening on LVM2 poll daemon socket.
[[0;32m  OK  [0m] Listening on LVM2 poll daemon socket.
[[0;32m  OK  [0m] Listening on Network Service Netlink Socket.
[[0;32m  OK  [0m] Listening on fsck to fsckd communication Socket.
[[0;32m  OK  [0m] Listening on LVM2 metadata daemon socket.
[[0;32m  OK  [0m] Reached target Swap.
[[0;32m  OK  [0m] Listening on Journal Socket.
         Starting File System Check on Root Device...
         Starting Create list of required st…ce nodes for the current kernel...
[[0;32m  OK  [0m] Listening on /dev/initctl Compatibility Named Pipe.
[[0;32m  OK  [0m] Listening on udev Control Socket.
[[0;32m  OK  [0m] Listening on Journal Socket (/dev/log).
         Mounting POSIX Message Queue File System...
[[0;32m  OK  [0m] Listening on Syslog Socket.
         Starting Uncomplicated firewall...
[[0;32m  OK  [0m] Created slice system-serial\x2dgetty.slice.
[[0;32m  OK  [0m] Listening on Journal Audit Socket.
         Starting Journal Service...
         Starting Load Kernel Modules...
[[0;32m  OK  [0m] Listening on udev Kernel Socket.
         Starting udev Coldplug all Devices...
[[0;32m  OK  [0m] Set up automount Arbitrary Executab…rmats File System Automount Point.
[[0;32m  OK  [0m] Reached target Slices.
         Mounting Huge Pages File System...
[[0;32m  OK  [0m] Listening on Device-mapper event daemon FIFOs.
         Starting Monitoring of LVM2 mirrors…ng dmeventd or progress polling...
[[0;32m  OK  [0m] Reached target System Time Synchronized.
         Starting Set the console keyboard layout...
         Mounting Kernel Debug File System...
[[0;32m  OK  [0m] Reached target Mounting snaps.
[[0;32m  OK  [0m] Reached target Mounted snaps.
[[0;32m  OK  [0m] Reached target User and Group Name Lookups.
[[0;32m  OK  [0m] Started Create list of required sta…vice nodes for the current kernel.
[[0;32m  OK  [0m] Mounted POSIX Message Queue File System.
[[0;32m  OK  [0m] Started Uncomplicated firewall.
[[0;32m  OK  [0m] Mounted Huge Pages File System.
[[0;32m  OK  [0m] Mounted Kernel Debug File System.
[[0;32m  OK  [0m] Started File System Check Daemon to report status.
         Starting Create Static Device Nodes in /dev...
[[0;32m  OK  [0m] Started File System Check on Root Device.
         Starting Remount Root and Kernel File Systems...
[   11.879407] Loading iSCSI transport class v2.0-870.
[[0;32m  OK  [0m] Started udev Coldplug all Devices.
[   12.038747] iscsi: registered transport (tcp)
[[0;32m  OK  [0m] Started Journal Service.
[[0;32m  OK  [0m] Started LVM2 metadata daemon.
[   12.141837] EXT4-fs (sda1): re-mounted. Opts: (null)
[[0;32m  OK  [0m] Started Create Static Device Nodes in /dev.
[[0;32m  OK  [0m] Started Remount Root and Kernel File Systems.
         Starting Flush Journal to Persistent Storage...
         Starting Load/Save Random Seed...
         Starting udev Kernel Device Manager...
[[0;32m  OK  [0m] Started Monitoring of LVM2 mirrors,…sing dmeventd or progress polling.
[   12.220757] systemd-journald[400]: Received request to flush runtime journal from PID 1
[[0;32m  OK  [0m] Started Load/Save Random Seed.
[   12.282970] iscsi: registered transport (iser)
[[0;32m  OK  [0m] Started Load Kernel Modules.
         Mounting Kernel Configuration File System...
         Starting Apply Kernel Variables...
         Mounting FUSE Control File System...
[[0;32m  OK  [0m] Mounted Kernel Configuration File System.
[[0;32m  OK  [0m] Mounted FUSE Control File System.
[[0;32m  OK  [0m] Started udev Kernel Device Manager.
[[0;32m  OK  [0m] Started Flush Journal to Persistent Storage.
[[0;32m  OK  [0m] Started Apply Kernel Variables.
[[0;32m  OK  [0m] Found device /dev/ttyS0.
[[0;32m  OK  [0m] Listening on Load/Save RF Kill Switch Status /dev/rfkill Watch.
         Mounting Arbitrary Executable File Formats File System...
[[0;32m  OK  [0m] Mounted Arbitrary Executable File Formats File System.
[[0;32m  OK  [0m] Started Set the console keyboard layout.
[[0;32m  OK  [0m] Started Dispatch Password Requests to Console Directory Watch.
[[0;32m  OK  [0m] Reached target Local Encrypted Volumes.
[[0;32m  OK  [0m] Reached target Local File Systems (Pre).
[[0;32m  OK  [0m] Reached target Local File Systems.
         Starting Create Volatile Files and Directories...
         Starting AppArmor initialization...
         Starting Tell Plymouth To Write Out Runtime Data...
         Starting Set console font and keymap...
         Starting Commit a transient machine-id on disk...
         Starting ebtables ruleset management...
[[0;32m  OK  [0m] Started Create Volatile Files and Directories.
[[0;32m  OK  [0m] Started Tell Plymouth To Write Out Runtime Data.
         Starting Update UTMP about System Boot/Shutdown...
[[0;32m  OK  [0m] Started Update UTMP about System Boot/Shutdown.
[[0;32m  OK  [0m] Started Commit a transient machine-id on disk.
[[0;32m  OK  [0m] Started ebtables ruleset management.
[[0;32m  OK  [0m] Started Set console font and keymap.
[[0;32m  OK  [0m] Started AppArmor initialization.
         Starting Load AppArmor profiles managed internally by snapd...
         Starting Initial cloud-init job (pre-networking)...
[[0;32m  OK  [0m] Started Load AppArmor profiles managed internally by snapd.
[   20.686241] cloud-init[807]: Cloud-init v. 23.1.2-0ubuntu0~18.04.1 running 'init-local' at Thu, 28 Nov 2024 14:36:22 +0000. Up 19.87 seconds.
[[0;32m  OK  [0m] Started Initial cloud-init job (pre-networking).
[[0;32m  OK  [0m] Reached target Network (Pre).
         Starting Network Service...
[[0;32m  OK  [0m] Started Network Service.
         Starting Network Name Resolution...
         Starting Wait for Network to be Configured...
[[0;32m  OK  [0m] Started Network Name Resolution.
[[0;32m  OK  [0m] Reached target Network.
[[0;32m  OK  [0m] Reached target Host and Network Name Lookups.
[[0;32m  OK  [0m] Started Wait for Network to be Configured.
         Starting Initial cloud-init job (metadata service crawler)...
[   24.337398] cloud-init[926]: Cloud-init v. 23.1.2-0ubuntu0~18.04.1 running 'init' at Thu, 28 Nov 2024 14:36:26 +0000. Up 23.98 seconds.
[   24.340561] cloud-init[926]: ci-info: ++++++++++++++++++++++++++++++++++++++Net device info+++++++++++++++++++++++++++++++++++++++
[   24.343187] cloud-init[926]: ci-info: +--------+-------+----------------------------+---------------+--------+-------------------+
[   24.356902] cloud-init[926]: ci-info: | Device |   Up  |          Address           |      Mask     | Scope  |     Hw-Address    |
[   24.359786] cloud-init[926]: ci-info: +--------+-------+----------------------------+---------------+--------+-------------------+
[   24.363049] cloud-init[926]: ci-info: | enp0s3 |  True |         10.0.2.15          | 255.255.255.0 | global | 02:3b:7b:b7:3b:2d |
[   24.378832] cloud-init[926]: ci-info: | enp0s3 |  True | fe80::3b:7bff:feb7:3b2d/64 |       .       |  link  | 02:3b:7b:b7:3b:2d |
[   24.385246] cloud-init[926]: ci-info: | enp0s8 | False |             .              |       .       |   .    | 08:00:27:70:c2:74 |
[   24.389653] cloud-init[926]: ci-info: |   lo   |  True |         127.0.0.1          |   255.0.0.0   |  host  |         .         |
[   24.393638] cloud-init[926]: ci-info: |   lo   |  True |          ::1/128           |       .       |  host  |         .         |
[   24.397959] cloud-init[926]: ci-info: +--------+-------+----------------------------+---------------+--------+-------------------+
[   24.401947] cloud-init[926]: ci-info: ++++++++++++++++++++++++++++Route IPv4 info+++++++++++++++++++++++++++++
[   24.405583] cloud-init[926]: ci-info: +-------+-------------+----------+-----------------+-----------+-------+
[   24.409131] cloud-init[926]: ci-info: | Route | Destination | Gateway  |     Genmask     | Interface | Flags |
[   24.423485] cloud-init[926]: ci-info: +-------+-------------+----------+-----------------+-----------+-------+
[   24.427387] cloud-init[926]: ci-info: |   0   |   0.0.0.0   | 10.0.2.2 |     0.0.0.0     |   enp0s3  |   UG  |
[   24.431219] cloud-init[926]: ci-info: |   1   |   10.0.2.0  | 0.0.0.0  |  255.255.255.0  |   enp0s3  |   U   |
[   24.434234] cloud-init[926]: ci-info: |   2   |   10.0.2.2  | 0.0.0.0  | 255.255.255.255 |   enp0s3  |   UH  |
[   24.448362] cloud-init[926]: ci-info: +-------+-------------+----------+-----------------+-----------+-------+
[   24.451834] cloud-init[926]: ci-info: +++++++++++++++++++Route IPv6 info+++++++++++++++++++
[   24.454931] cloud-init[926]: ci-info: +-------+-------------+---------+-----------+-------+
[   24.458530] cloud-init[926]: ci-info: | Route | Destination | Gateway | Interface | Flags |
[   24.461828] cloud-init[926]: ci-info: +-------+-------------+---------+-----------+-------+
[   24.465218] cloud-init[926]: ci-info: |   1   |  fe80::/64  |    ::   |   enp0s3  |   U   |
[   24.468547] cloud-init[926]: ci-info: |   3   |    local    |    ::   |   enp0s3  |   U   |
[   24.471296] cloud-init[926]: ci-info: |   4   |   ff00::/8  |    ::   |   enp0s3  |   U   |
[   24.474452] cloud-init[926]: ci-info: +-------+-------------+---------+-----------+-------+
[   25.698938] cloud-init[926]: Generating public/private rsa key pair.
[   25.700774] cloud-init[926]: Your identification has been saved in /etc/ssh/ssh_host_rsa_key.
[   25.703003] cloud-init[926]: Your public key has been saved in /etc/ssh/ssh_host_rsa_key.pub.
[   25.705033] cloud-init[926]: The key fingerprint is:
[   25.706382] cloud-init[926]: SHA256:nYCkOcfPx6oPkfls5IlTapLLwGEO32+5exEJVSXkSjE root@ubuntu-bionic
[   25.708769] cloud-init[926]: The key's randomart image is:
[   25.710334] cloud-init[926]: +---[RSA 2048]----+
[   25.711556] cloud-init[926]: |      ..Eo+..    |
[   25.712861] cloud-init[926]: |     =.. + .     |
[   25.714192] cloud-init[926]: |    + +.o..      |
[   25.715469] cloud-init[926]: |     o *o= .     |
[   25.716845] cloud-init[926]: |. o   + S.=      |
[   25.718189] cloud-init[926]: | * o . X.+       |
[   25.719416] cloud-init[926]: |  = + *.B.       |
[   25.720744] cloud-init[926]: |   o =o=.        |
[   25.722060] cloud-init[926]: |    o.==.        |
[   25.723164] cloud-init[926]: +----[SHA256]-----+
[   25.724280] cloud-init[926]: Generating public/private dsa key pair.
[   25.736234] cloud-init[926]: Your identification has been saved in /etc/ssh/ssh_host_dsa_key.
[   25.737768] cloud-init[926]: Your public key has been saved in /etc/ssh/ssh_host_dsa_key.pub.
[   25.739172] cloud-init[926]: The key fingerprint is:
[   25.752239] cloud-init[926]: SHA256:zBm6jxC6Vp8D4/F4XqR0Fo5V8HEA4arplunvDFcHSUg root@ubuntu-bionic
[   25.753657] cloud-init[926]: The key's randomart image is:
[   25.754596] cloud-init[926]: +---[DSA 1024]----+
[   25.755452] cloud-init[926]: |     .E.=++..    |
[   25.756435] cloud-init[926]: |      .o + o     |
[   25.757317] cloud-init[926]: |        B .      |
[   25.758254] cloud-init[926]: |       O =       |
[   25.759198] cloud-init[926]: |    . = S .      |
[   25.760308] cloud-init[926]: |   .== B .       |
[   25.761489] cloud-init[926]: |  .o=X+..        |
[   25.762564] cloud-init[926]: |  .o*=*+         |
[   25.763581] cloud-init[926]: | ..oo=*..        |
[   25.764814] cloud-init[926]: +----[SHA256]-----+
[   25.765968] cloud-init[926]: Generating public/private ecdsa key pair.
[   25.767575] cloud-init[926]: Your identification has been saved in /etc/ssh/ssh_host_ecdsa_key.
[   25.769657] cloud-init[926]: Your public key has been saved in /etc/ssh/ssh_host_ecdsa_key.pub.
[   25.771617] cloud-init[926]: The key fingerprint is:
[   25.772908] cloud-init[926]: SHA256:1EOQp7AZMiVlWOoUPvanHIpqPIGgx5eGKI64ZzKLjr0 root@ubuntu-bionic
[   25.775018] cloud-init[926]: The key's randomart image is:
[   25.776282] cloud-init[926]: +---[ECDSA 256]---+
[   25.777244] cloud-init[926]: |    o== .o.      |
[   25.778277] cloud-init[926]: |   .+=o .o.      |
[   25.779309] cloud-init[926]: |    *o =.oo      |
[   25.792284] cloud-init[926]: |.  + oo..  .     |
[   25.793098] cloud-init[926]: |+o ...o S        |
[   25.794132] cloud-init[926]: |=.+.+o +         |
[   25.795337] cloud-init[926]: |*.oo. o          |
[   25.796702] cloud-init[926]: |BBo              |
[   25.797977] cloud-init[926]: |OOE.             |
[   25.799212] cloud-init[926]: +----[SHA256]-----+
[   25.800500] cloud-init[926]: Generating public/private ed25519 key pair.
[   25.802363] cloud-init[926]: Your identification has been saved in /etc/ssh/ssh_host_ed25519_key.
[   25.805123] cloud-init[926]: Your public key has been saved in /etc/ssh/ssh_host_ed25519_key.pub.
[   25.809846] cloud-init[926]: The key fingerprint is:
[   25.812112] cloud-init[926]: SHA256:GZg25sKulq5SCYzL07XffbK7jm/Sy+7NDBma5qYni5Q root@ubuntu-bionic
[   25.814431] cloud-init[926]: The key's randomart image is:
[   25.815937] cloud-init[926]: +--[ED25519 256]--+
[   25.817232] cloud-init[926]: |                 |
[   25.818386] cloud-init[926]: |       o         |
[   25.819499] cloud-init[926]: |o     * .        |
[   25.820876] cloud-init[926]: |o. . = . o       |
[   25.822193] cloud-init[926]: |.o..+ o S  .     |
[   25.823545] cloud-init[926]: |.ooo o.   o o    |
[   25.824881] cloud-init[926]: | ....E. .+oo     |
[   25.826130] cloud-init[926]: |. o.. .oo=o==.   |
[   25.827374] cloud-init[926]: |o+o  . o*oB@B+   |
[   25.828727] cloud-init[926]: +----[SHA256]-----+
[[0;32m  OK  [0m] Started Initial cloud-init job (metadata service crawler).
[[0;32m  OK  [0m] Reached target Network is Online.
[[0;32m  OK  [0m] Reached target Remote File Systems (Pre).
[[0;32m  OK  [0m] Reached target Remote File Systems.
         Starting Availability of block devices...
[[0;32m  OK  [0m] Reached target Cloud-config availability.
[[0;32m  OK  [0m] Reached target System Initialization.
[[0;32m  OK  [0m] Listening on Open-iSCSI iscsid Socket.
[[0;32m  OK  [0m] Started Daily apt download activities.
[[0;32m  OK  [0m] Listening on ACPID Listen Socket.
[[0;32m  OK  [0m] Listening on cloud-init hotplug hook socket.
[[0;32m  OK  [0m] Listening on UUID daemon activation socket.
[[0;32m  OK  [0m] Started Message of the Day.
[[0;32m  OK  [0m] Listening on D-Bus System Message Bus Socket.
         Starting LXD - unix socket.
[[0;32m  OK  [0m] Started Ubuntu Advantage Timer for running repeated jobs.
         Starting Socket activation for snappy daemon.
[[0;32m  OK  [0m] Started Daily apt upgrade and clean activities.
[[0;32m  OK  [0m] Started ACPI Events Check.
[[0;32m  OK  [0m] Reached target Paths.
[[0;32m  OK  [0m] Started Discard unused blocks once a week.
[[0;32m  OK  [0m] Started Daily Cleanup of Temporary Directories.
[[0;32m  OK  [0m] Reached target Timers.
[[0;32m  OK  [0m] Started Availability of block devices.
[[0;32m  OK  [0m] Listening on LXD - unix socket.
[[0;32m  OK  [0m] Listening on Socket activation for snappy daemon.
[[0;32m  OK  [0m] Reached target Sockets.
[[0;32m  OK  [0m] Reached target Basic System.
[[0;32m  OK  [0m] Started Regular background program processing daemon.
         Starting Dispatcher daemon for systemd-networkd...
         Starting Login Service...
         Starting LSB: Record successful boot for GRUB...
[[0;32m  OK  [0m] Started Deferred execution scheduler.
[[0;32m  OK  [0m] Reached target Login Prompts (Pre).
         Starting System Logging Service...
         Starting Snap Daemon...
[[0;32m  OK  [0m] Started FUSE filesystem for LXC.
         Starting Virtualbox guest utils...
         Starting Pollinate to seed the pseudo random number generator...
[[0;32m  OK  [0m] Started irqbalance daemon.
         Starting LSB: automatic crash report generation...
         Starting Permit User Sessions...
         Starting Accounts Service...
[[0;32m  OK  [0m] Started D-Bus System Message Bus.
         Starting LXD - container startup/shutdown...
[[0;32m  OK  [0m] Started System Logging Service.
[[0;32m  OK  [0m] Started Permit User Sessions.
[[0;32m  OK  [0m] Started Login Service.
[[0;32m  OK  [0m] Started Unattended Upgrades Shutdown.
         Starting Hold until boot process finishes up...
         Starting Terminate Plymouth Boot Screen...
[[0;32m  OK  [0m] Started Hold until boot process finishes up.
[[0;32m  OK  [0m] Started Serial Getty on ttyS0.
         Starting Set console scheme...
[[0;32m  OK  [0m] Started Terminate Plymouth Boot Screen.
[[0;32m  OK  [0m] Started LSB: Record successful boot for GRUB.
[[0;32m  OK  [0m] Started LSB: automatic crash report generation.
[[0;32m  OK  [0m] Started Set console scheme.
[[0;32m  OK  [0m] Started Virtualbox guest utils.
         Starting Authorization Manager...
[[0;32m  OK  [0m] Created slice system-getty.slice.
[[0;32m  OK  [0m] Started Getty on tty1.
[[0;32m  OK  [0m] Reached target Login Prompts.
[[0;32m  OK  [0m] Started Authorization Manager.
[[0;32m  OK  [0m] Started Accounts Service.
[[0;32m  OK  [0m] Started LXD - container startup/shutdown.
[[0;32m  OK  [0m] Started Dispatcher daemon for systemd-networkd.
[[0;32m  OK  [0m] Started Snap Daemon.
         Starting Wait until snapd is fully seeded...
[[0;32m  OK  [0m] Started Pollinate to seed the pseudo random number generator.
         Starting OpenBSD Secure Shell server...
[[0;32m  OK  [0m] Started OpenBSD Secure Shell server.
[[0;32m  OK  [0m] Created slice User Slice of vagrant.
         Starting User Manager for UID 1000...
[[0;32m  OK  [0m] Started Session 1 of user vagrant.
[[0;32m  OK  [0m] Started User Manager for UID 1000.
         Starting Time & Date Service...
[[0;32m  OK  [0m] Started Time & Date Service.

Ubuntu 18.04.6 LTS ubuntu-bionic ttyS0

ubuntu-bionic login: [   35.971741] cloud-init[1582]: Cloud-init v. 23.1.2-0ubuntu0~18.04.1 running 'modules:config' at Thu, 28 Nov 2024 14:36:37 +0000. Up 35.06 seconds.
ci-info: no authorized SSH keys fingerprints found for user ubuntu.
<14>Nov 28 14:36:40 cloud-init: #############################################################
<14>Nov 28 14:36:40 cloud-init: -----BEGIN SSH HOST KEY FINGERPRINTS-----
<14>Nov 28 14:36:40 cloud-init: 1024 SHA256:zBm6jxC6Vp8D4/F4XqR0Fo5V8HEA4arplunvDFcHSUg root@ubuntu-bionic (DSA)
<14>Nov 28 14:36:40 cloud-init: 256 SHA256:1EOQp7AZMiVlWOoUPvanHIpqPIGgx5eGKI64ZzKLjr0 root@ubuntu-bionic (ECDSA)
<14>Nov 28 14:36:40 cloud-init: 256 SHA256:GZg25sKulq5SCYzL07XffbK7jm/Sy+7NDBma5qYni5Q root@ubuntu-bionic (ED25519)
<14>Nov 28 14:36:40 cloud-init: 2048 SHA256:nYCkOcfPx6oPkfls5IlTapLLwGEO32+5exEJVSXkSjE root@ubuntu-bionic (RSA)
<14>Nov 28 14:36:40 cloud-init: -----END SSH HOST KEY FINGERPRINTS-----
<14>Nov 28 14:36:40 cloud-init: #############################################################
-----BEGIN SSH HOST KEY KEYS-----
ecdsa-sha2-nistp256 AAAAE2VjZHNhLXNoYTItbmlzdHAyNTYAAAAIbmlzdHAyNTYAAABBBGLP4bLMr4rauI2unz0+w1tF4UZD28QJmG1D4IMBWJPvijtDv0O/sAOyiRDy/XEPUKQTQqTmQnva+s56FQu1Fuc= root@ubuntu-bionic
ssh-ed25519 AAAAC3NzaC1lZDI1NTE5AAAAIJ/droCIK+kuuUEafnVQ9UMbjgu1RxzygQ/0MYLuvR7b root@ubuntu-bionic
ssh-rsa AAAAB3NzaC1yc2EAAAADAQABAAABAQCq2B+j9WfZKkajwXoFEZFGoErOIp2fCnMF1kUgnNDLLDkcyPMxn5B8snevezaD0bUIRWGg+Wth0r9aG12a/s/eJ+FCR9XuJ5pByyOdAnN1z3Mu1k63aJuebFmzlBFehpTDBUsWnikEvEGCvovjlLR5Sty8JxeOchB2qj1ZvQX4V[[0;32m  OK  [0m] Stopped Unattended Upgrades Shutdown.
         Stopping User Manager for UID 1000...
         Stopping Availability of block devices...
         Stopping Session 14 of user vagrant.
         Stopping Authorization Manager...
[[0;32m  OK  [0m] Stopped target Timers.
[[0;32m  OK  [0m] Stopped Daily apt upgrade and clean activities.
[[0;32m  OK  [0m] Stopped Ubuntu Advantage Timer for running repeated jobs.
[[0;32m  OK  [0m] Stopped Discard unused blocks once a week.
[[0;32m  OK  [0m] Stopped Daily Cleanup of Temporary Directories.
[[0;32m  OK  [0m] Stopped target Cloud-init target.
[[0;32m  OK  [0m] Stopped Execute cloud user/final scripts.
[[0;32m  OK  [0m] Closed Load/Save RF Kill Switch Status /dev/rfkill Watch.
[[0;32m  OK  [0m] Stopped target Graphical Interface.
[[0;32m  OK  [0m] Stopped target Multi-User System.
         Stopping OpenBSD Secure Shell server...
         Stopping Dispatcher daemon for systemd-networkd...
         Stopping D-Bus System Message Bus...
         Stopping A high performance web server and a reverse proxy server...
         Stopping FUSE filesystem for LXC...
         Stopping Virtualbox guest utils...
         Stopping System Logging Service...
         Stopping irqbalance daemon...
         Stopping Accounts Service...
         Stopping LSB: Record successful boot for GRUB...
         Stopping LSB: automatic crash report generation...
[[0;32m  OK  [0m] Stopped Daily apt download activities.
         Stopping Deferred execution scheduler...
         Stopping LXD - container startup/shutdown...
[[0;32m  OK  [0m] Stopped target Login Prompts.
         Stopping Getty on tty1...
         Stopping Serial Getty on ttyS0...
         Stopping Regular background program processing daemon...
[[0;32m  OK  [0m] Stopped Message of the Day.
[[0;32m  OK  [0m] Stopped target System Time Synchronized.
[[0;32m  OK  [0m] Stopped target Host and Network Name Lookups.
[[0;32m  OK  [0m] Stopped Apply the settings specified in cloud-config.
[[0;32m  OK  [0m] Stopped Wait until snapd is fully seeded.
[[0;32m  OK  [0m] Stopped target Cloud-config availability.
[[0;32m  OK  [0m] Unmounted /var/lib/lxcfs.
[[0;32m  OK  [0m] Stopped Deferred execution scheduler.
[[0;32m  OK  [0m] Stopped Accounts Service.
[[0;32m  OK  [0m] Stopped System Logging Service.
[[0;32m  OK  [0m] Stopped Regular background program processing daemon.
[[0;32m  OK  [0m] Stopped Dispatcher daemon for systemd-networkd.
[[0;32m  OK  [0m] Stopped irqbalance daemon.
[[0;32m  OK  [0m] Stopped Authorization Manager.
[[0;32m  OK  [0m] Stopped Serial Getty on ttyS0.
[[0;32m  OK  [0m] Stopped Getty on tty1.
[[0;32m  OK  [0m] Stopped OpenBSD Secure Shell server.
[[0;32m  OK  [0m] Stopped User Manager for UID 1000.
[[0;32m  OK  [0m] Stopped D-Bus System Message Bus.
[[0;32m  OK  [0m] Stopped A high performance web server and a reverse proxy server.
[[0;32m  OK  [0m] Stopped FUSE filesystem for LXC.
[[0;32m  OK  [0m] Stopped Session 14 of user vagrant.
[[0;32m  OK  [0m] Removed slice User Slice of vagrant.
         Stopping Login Service...
[[0;32m  OK  [0m] Removed slice system-getty.slice.
[[0;32m  OK  [0m] Stopped target Login Prompts (Pre).
         Stopping Permit User Sessions...
[[0;32m  OK  [0m] Removed slice system-serial\x2dgetty.slice.
[[0;32m  OK  [0m] Stopped Availability of block devices.
[[0;32m  OK  [0m] Stopped LSB: Record successful boot for GRUB.
[[0;32m  OK  [0m] Stopped LSB: automatic crash report generation.
[[0;32m  OK  [0m] Stopped Permit User Sessions.
[[0;32m  OK  [0m] Stopped target Remote File Systems.
         Unmounting /vagrant...
[[0;32m  OK  [0m] Stopped Login Service.
[[0;32m  OK  [0m] Stopped LXD - container startup/shutdown.
[[0;32m  OK  [0m] Stopped target User and Group Name Lookups.
[[0;32m  OK  [0m] Unmounted /vagrant.
[[0;32m  OK  [0m] Stopped target Remote File Systems (Pre).
[[0;32m  OK  [0m] Stopped target Network is Online.
[[0;32m  OK  [0m] Stopped target Network.
         Stopping Network Name Resolution...
[[0;32m  OK  [0m] Stopped Virtualbox guest utils.
[[0;32m  OK  [0m] Stopped target Basic System.
[[0;32m  OK  [0m] Stopped target Sockets.
[[0;32m  OK  [0m] Closed Open-iSCSI iscsid Socket.
[[0;32m  OK  [0m] Closed cloud-init hotplug hook socket.
[[0;32m  OK  [0m] Closed D-Bus System Message Bus Socket.
[[0;32m  OK  [0m] Closed LXD - unix socket.
[[0;32m  OK  [0m] Closed ACPID Listen Socket.
[[0;32m  OK  [0m] Closed UUID daemon activation socket.
[[0;32m  OK  [0m] Closed Socket activation for snappy daemon.
[[0;32m  OK  [0m] Closed Syslog Socket.
[[0;32m  OK  [0m] Stopped target Slices.
[[0;32m  OK  [0m] Removed slice User and Session Slice.
[[0;32m  OK  [0m] Stopped target Paths.
[[0;32m  OK  [0m] Stopped ACPI Events Check.
[[0;32m  OK  [0m] Stopped target System Initialization.
[[0;32m  OK  [0m] Stopped Commit a transient machine-id on disk.
[[0;32m  OK  [0m] Stopped Initial cloud-init job (metadata service crawler).
[[0;32m  OK  [0m] Stopped target Local Encrypted Volumes.
[[0;32m  OK  [0m] Stopped Forward Password Requests to Wall Directory Watch.
[[0;32m  OK  [0m] Stopped Dispatch Password Requests to Console Directory Watch.
         Stopping Load/Save Random Seed...
         Stopping Update UTMP about System Boot/Shutdown...
[[0;32m  OK  [0m] Stopped Network Name Resolution.
         Stopping Network Service...
[[0;32m  OK  [0m] Stopped Load/Save Random Seed.
[[0;32m  OK  [0m] Stopped Update UTMP about System Boot/Shutdown.
[[0;32m  OK  [0m] Stopped Create Volatile Files and Directories.
[[0;32m  OK  [0m] Stopped target Local File Systems.
[[0;32m  OK  [0m] Stopped target Mounted snaps.
[[0;32m  OK  [0m] Stopped target Mounting snaps.
         Unmounting /run/user/1000...
[[0;32m  OK  [0m] Stopped Network Service.
[[0;32m  OK  [0m] Stopped Apply Kernel Variables.
[[0;32m  OK  [0m] Stopped Load Kernel Modules.
[[0;32m  OK  [0m] Stopped target Network (Pre).
[[0;32m  OK  [0m] Stopped Initial cloud-init job (pre-networking).
[[0;32m  OK  [0m] Unmounted /run/user/1000.
[[0;32m  OK  [0m] Reached target Unmount All Filesystems.
[[0;32m  OK  [0m] Stopped target Local File Systems (Pre).
         Stopping Monitoring of LVM2 mirrors…ng dmeventd or progress polling...
[[0;32m  OK  [0m] Stopped Remount Root and Kernel File Systems.
[[0;32m  OK  [0m] Stopped Create Static Device Nodes in /dev.
[[0;32m  OK  [0m] Stopped target Swap.
[[0;32m  OK  [0m] Reached target Shutdown.
[[0;32m  OK  [0m] Reached target Final Step.
         Starting Power-Off...
[[0;32m  OK  [0m] Stopped Monitoring of LVM2 mirrors,…sing dmeventd or progress polling.
         Stopping LVM2 metadata daemon...
[[0;32m  OK  [0m] Stopped LVM2 metadata daemon.
[ 8976.910970] reboot: Power down
topped target Network (Pre).
[[0;32m  OK  [0m] Stopped Initial cloud-init job (pre-networking).
[[0;32m  OK  [0m] Stopped Remount Root and Kernel File Systems.
[[0;32m  OK  [0m] Reached target Shutdown.
[[0;32m  OK  [0m] Reached target Final Step.
         Starting Power-Off...
[[0;32m  OK  [0m] Stopped Monitoring of LVM2 mirrors,…sing dmeventd or progress polling.
         Stopping LVM2 metadata daemon...
[[0;32m  OK  [0m] Stopped LVM2 metadata daemon.
[ 8745.909107] reboot: Power down
eventd or progress polling.
[ 8358.502035] reboot: Power down
